#
# A fatal error has been detected by the Java Runtime Environment:
#
#  EXCEPTION_ACCESS_VIOLATION (0xc0000005) at pc=0x0364d497, pid=2188, tid=2792
#
# JRE version: 7.0_25-b17
# Java VM: Java HotSpot(TM) Client VM (23.25-b01 mixed mode, sharing windows-x86 )
# Problematic frame:
# C  [iglicd32.dll+0xed497]
#
# Failed to write core dump. Minidumps are not enabled by default on client versions of Windows
#
# If you would like to submit a bug report, please visit:
#   http://bugreport.sun.com/bugreport/crash.jsp
# The crash happened outside the Java Virtual Machine in native code.
# See problematic frame for where to report the bug.
#

---------------  T H R E A D  ---------------

Current thread (0x03079c00):  JavaThread "AWT-EventQueue-0" [_thread_in_native, id=2792, stack(0x033c0000,0x03410000)]

siginfo: ExceptionCode=0xc0000005, reading address 0x00000000

Registers:
EAX=0x00000000, EBX=0x00111e28, ECX=0x0019dbc0, EDX=0x00000000
ESP=0x0340e540, EBP=0x00000003, ESI=0x00168940, EDI=0x0010ee34
EIP=0x0364d497, EFLAGS=0x00010246

Top of Stack: (sp=0x0340e540)
0x0340e540:   00000003 0010ee34 00000010 00000000
0x0340e550:   036516bf 00000000 00000001 0010ee34
0x0340e560:   00080038 00050000 0364eb46 0019dbc0
0x0340e570:   00000000 0010ee34 0010027f 00080039
0x0340e580:   00112390 00114214 00010000 00000003
0x0340e590:   03590d42 00000003 00000000 0010ee34
0x0340e5a0:   00000002 00000003 0010027f 035a7606
0x0340e5b0:   32d77748 32d77748 03079c00 0340e5d8 

Instructions: (pc=0x0364d497)
0x0364d477:   44 24 0c 00 00 00 00 0f 8e 6b 14 00 00 8b 4c 24
0x0364d487:   2c 8b 54 24 0c 8b 04 91 0f af 43 18 03 44 24 14
0x0364d497:   8b 08 8b 50 04 89 4c 24 18 8b 48 08 89 54 24 1c
0x0364d4a7:   8b 50 0c 89 4c 24 20 8d 4c 24 18 89 54 24 24 e8 


Register to memory mapping:

EAX=0x00000000 is an unknown value
EBX=0x00111e28 is an unknown value
ECX=0x0019dbc0 is an unknown value
EDX=0x00000000 is an unknown value
ESP=0x0340e540 is pointing into the stack for thread: 0x03079c00
EBP=0x00000003 is an unknown value
ESI=0x00168940 is an unknown value
EDI=0x0010ee34 is an unknown value


Stack: [0x033c0000,0x03410000],  sp=0x0340e540,  free space=313k
Native frames: (J=compiled Java code, j=interpreted, Vv=VM code, C=native code)
C  [iglicd32.dll+0xed497]

Java frames: (J=compiled Java code, j=interpreted, Vv=VM code)
j  com.sun.opengl.impl.GLImpl.glDrawArrays(III)V+0
j  Sseis.triangulo.Triangulo.dibuja(Ljavax/media/opengl/GL;)V+51
j  Sseis.triangulo.RenderizaAnimacion.display(Ljavax/media/opengl/GLAutoDrawable;)V+90
j  com.sun.opengl.impl.GLDrawableHelper.display(Ljavax/media/opengl/GLAutoDrawable;)V+29
j  javax.media.opengl.GLJPanel$Updater.display(Ljavax/media/opengl/GLAutoDrawable;)V+224
j  com.sun.opengl.impl.GLDrawableHelper.display(Ljavax/media/opengl/GLAutoDrawable;)V+29
j  com.sun.opengl.impl.GLPbufferImpl$DisplayAction.run()V+11
j  com.sun.opengl.impl.GLDrawableHelper.invokeGL(Ljavax/media/opengl/GLDrawable;Ljavax/media/opengl/GLContext;Ljava/lang/Runnable;Ljava/lang/Runnable;)V+418
j  com.sun.opengl.impl.GLPbufferImpl.maybeDoSingleThreadedWorkaround(Ljava/lang/Runnable;Ljava/lang/Runnable;Z)V+36
j  com.sun.opengl.impl.GLPbufferImpl.display()V+10
j  javax.media.opengl.GLJPanel.paintComponent(Ljava/awt/Graphics;)V+237
j  javax.swing.JComponent.paint(Ljava/awt/Graphics;)V+286
j  javax.swing.JComponent.paintChildren(Ljava/awt/Graphics;)V+501
j  javax.swing.JComponent.paint(Ljava/awt/Graphics;)V+318
j  javax.swing.JComponent.paintChildren(Ljava/awt/Graphics;)V+501
j  javax.swing.JComponent.paint(Ljava/awt/Graphics;)V+318
j  javax.swing.JLayeredPane.paint(Ljava/awt/Graphics;)V+73
j  javax.swing.JComponent.paintChildren(Ljava/awt/Graphics;)V+501
j  javax.swing.JComponent.paintToOffscreen(Ljava/awt/Graphics;IIIIII)V+72
j  javax.swing.BufferStrategyPaintManager.paint(Ljavax/swing/JComponent;Ljavax/swing/JComponent;Ljava/awt/Graphics;IIII)Z+157
j  javax.swing.RepaintManager.paint(Ljavax/swing/JComponent;Ljavax/swing/JComponent;Ljava/awt/Graphics;IIII)V+52
j  javax.swing.JComponent.paint(Ljava/awt/Graphics;)V+221
j  java.awt.GraphicsCallback$PaintCallback.run(Ljava/awt/Component;Ljava/awt/Graphics;)V+2
j  sun.awt.SunGraphicsCallback.runOneComponent(Ljava/awt/Component;Ljava/awt/Rectangle;Ljava/awt/Graphics;Ljava/awt/Shape;I)V+155
j  sun.awt.SunGraphicsCallback.runComponents([Ljava/awt/Component;Ljava/awt/Graphics;I)V+194
j  java.awt.Container.paint(Ljava/awt/Graphics;)V+58
j  java.awt.Window.paint(Ljava/awt/Graphics;)V+68
j  javax.swing.RepaintManager$3.run()Ljava/lang/Void;+136
j  javax.swing.RepaintManager$3.run()Ljava/lang/Object;+1
v  ~StubRoutines::call_stub
j  java.security.AccessController.doPrivileged(Ljava/security/PrivilegedAction;Ljava/security/AccessControlContext;)Ljava/lang/Object;+0
j  java.security.ProtectionDomain$1.doIntersectionPrivilege(Ljava/security/PrivilegedAction;Ljava/security/AccessControlContext;Ljava/security/AccessControlContext;)Ljava/lang/Object;+28
j  javax.swing.RepaintManager.paintDirtyRegions(Ljava/util/Map;)V+154
j  javax.swing.RepaintManager.paintDirtyRegions()V+46
j  javax.swing.RepaintManager.prePaintDirtyRegions()V+73
j  javax.swing.RepaintManager.access$1000(Ljavax/swing/RepaintManager;)V+1
j  javax.swing.RepaintManager$ProcessingRunnable.run()V+37
j  java.awt.event.InvocationEvent.dispatch()V+47
j  java.awt.EventQueue.dispatchEventImpl(Ljava/awt/AWTEvent;Ljava/lang/Object;)V+21
j  java.awt.EventQueue.access$200(Ljava/awt/EventQueue;Ljava/awt/AWTEvent;Ljava/lang/Object;)V+3
j  java.awt.EventQueue$3.run()Ljava/lang/Void;+12
j  java.awt.EventQueue$3.run()Ljava/lang/Object;+1
v  ~StubRoutines::call_stub
j  java.security.AccessController.doPrivileged(Ljava/security/PrivilegedAction;Ljava/security/AccessControlContext;)Ljava/lang/Object;+0
j  java.security.ProtectionDomain$1.doIntersectionPrivilege(Ljava/security/PrivilegedAction;Ljava/security/AccessControlContext;Ljava/security/AccessControlContext;)Ljava/lang/Object;+28
j  java.awt.EventQueue.dispatchEvent(Ljava/awt/AWTEvent;)V+46
j  java.awt.EventDispatchThread.pumpOneEventForFilters(I)V+245
j  java.awt.EventDispatchThread.pumpEventsForFilter(ILjava/awt/Conditional;Ljava/awt/EventFilter;)V+35
j  java.awt.EventDispatchThread.pumpEventsForHierarchy(ILjava/awt/Conditional;Ljava/awt/Component;)V+11
j  java.awt.EventDispatchThread.pumpEvents(ILjava/awt/Conditional;)V+4
j  java.awt.EventDispatchThread.pumpEvents(Ljava/awt/Conditional;)V+3
j  java.awt.EventDispatchThread.run()V+9
v  ~StubRoutines::call_stub

---------------  P R O C E S S  ---------------

Java Threads: ( => current thread )
  0x00968400 JavaThread "DestroyJavaVM" [_thread_blocked, id=2128, stack(0x00a50000,0x00aa0000)]
  0x03089400 JavaThread "Timer-0" [_thread_blocked, id=2172, stack(0x03440000,0x03490000)]
=>0x03079c00 JavaThread "AWT-EventQueue-0" [_thread_in_native, id=2792, stack(0x033c0000,0x03410000)]
  0x0303d000 JavaThread "AWT-Windows" daemon [_thread_in_native, id=1096, stack(0x032d0000,0x03320000)]
  0x0303b400 JavaThread "AWT-Shutdown" [_thread_blocked, id=2236, stack(0x03280000,0x032d0000)]
  0x0303a400 JavaThread "Java2D Disposer" daemon [_thread_blocked, id=1856, stack(0x03230000,0x03280000)]
  0x02c00800 JavaThread "Service Thread" daemon [_thread_blocked, id=2232, stack(0x02f90000,0x02fe0000)]
  0x02bf5c00 JavaThread "C1 CompilerThread0" daemon [_thread_blocked, id=2224, stack(0x02f40000,0x02f90000)]
  0x02bf4000 JavaThread "Attach Listener" daemon [_thread_blocked, id=2228, stack(0x02ef0000,0x02f40000)]
  0x02bf2c00 JavaThread "Signal Dispatcher" daemon [_thread_blocked, id=2180, stack(0x02ea0000,0x02ef0000)]
  0x02be4800 JavaThread "Finalizer" daemon [_thread_blocked, id=2588, stack(0x02e50000,0x02ea0000)]
  0x02bdfc00 JavaThread "Reference Handler" daemon [_thread_blocked, id=2220, stack(0x02e00000,0x02e50000)]

Other Threads:
  0x02bde000 VMThread [stack: 0x02db0000,0x02e00000] [id=2216]
  0x02c14400 WatcherThread [stack: 0x02fe0000,0x03030000] [id=2240]

VM state:not at safepoint (normal execution)

VM Mutex/Monitor currently owned by a thread: None

Heap
 def new generation   total 4928K, used 2798K [0x22c00000, 0x23150000, 0x28150000)
  eden space 4416K,  51% used [0x22c00000, 0x22e3b850, 0x23050000)
  from space 512K, 100% used [0x230d0000, 0x23150000, 0x23150000)
  to   space 512K,   0% used [0x23050000, 0x23050000, 0x230d0000)
 tenured generation   total 10944K, used 1529K [0x28150000, 0x28c00000, 0x32c00000)
   the space 10944K,  13% used [0x28150000, 0x282ce500, 0x282ce600, 0x28c00000)
 compacting perm gen  total 12288K, used 2357K [0x32c00000, 0x33800000, 0x36c00000)
   the space 12288K,  19% used [0x32c00000, 0x32e4d6c0, 0x32e4d800, 0x33800000)
    ro space 10240K,  42% used [0x36c00000, 0x37044240, 0x37044400, 0x37600000)
    rw space 12288K,  54% used [0x37600000, 0x37c84d58, 0x37c84e00, 0x38200000)

Card table byte_map: [0x02c50000,0x02d00000] byte_map_base: 0x02b3a000

Polling page: 0x00aa0000

Code Cache  [0x00ad0000, 0x00b90000, 0x02ad0000)
 total_blobs=412 nmethods=86 adapters=261 free_code_cache=32008Kb largest_free_block=32776896

Compilation events (10 events):
Event: 0.815 Thread 0x02bf5c00   80             sun.reflect.UnsafeLongFieldAccessorImpl::setLong (30 bytes)
Event: 0.817 Thread 0x02bf5c00 nmethod 80 0x00b8a0c8 code [0x00b8a230, 0x00b8a4c4]
Event: 0.817 Thread 0x02bf5c00   81             sun.reflect.UnsafeFieldAccessorImpl::ensureObj (23 bytes)
Event: 0.818 Thread 0x02bf5c00 nmethod 81 0x00b8a8c8 code [0x00b8aa00, 0x00b8abb0]
Event: 0.818 Thread 0x02bf5c00   82             sun.misc.Unsafe::putLong (9 bytes)
Event: 0.818 Thread 0x02bf5c00 nmethod 82 0x00b8adc8 code [0x00b8aec0, 0x00b8af50]
Event: 0.818 Thread 0x02bf5c00   84   !         com.sun.gluegen.runtime.ProcAddressHelper::resetProcAddressTable (171 bytes)
Event: 0.820 Thread 0x02bf5c00 nmethod 84 0x00b8af88 code [0x00b8b1b0, 0x00b8b5f8]
Event: 0.820 Thread 0x02bf5c00   85             java.lang.Class::copyFields (36 bytes)
Event: 0.821 Thread 0x02bf5c00 nmethod 85 0x00b8bec8 code [0x00b8c000, 0x00b8c2e8]

GC Heap History (2 events):
Event: 0.604 GC heap before
{Heap before GC invocations=0 (full 0):
 def new generation   total 4928K, used 4372K [0x22c00000, 0x23150000, 0x28150000)
  eden space 4416K,  99% used [0x22c00000, 0x23045348, 0x23050000)
  from space 512K,   0% used [0x23050000, 0x23050000, 0x230d0000)
  to   space 512K,   0% used [0x230d0000, 0x230d0000, 0x23150000)
 tenured generation   total 10944K, used 0K [0x28150000, 0x28c00000, 0x32c00000)
   the space 10944K,   0% used [0x28150000, 0x28150000, 0x28150200, 0x28c00000)
 compacting perm gen  total 12288K, used 1333K [0x32c00000, 0x33800000, 0x36c00000)
   the space 12288K,  10% used [0x32c00000, 0x32d4d738, 0x32d4d800, 0x33800000)
    ro space 10240K,  42% used [0x36c00000, 0x37044240, 0x37044400, 0x37600000)
    rw space 12288K,  54% used [0x37600000, 0x37c84d58, 0x37c84e00, 0x38200000)
Event: 0.614 GC heap after
Heap after GC invocations=1 (full 0):
 def new generation   total 4928K, used 512K [0x22c00000, 0x23150000, 0x28150000)
  eden space 4416K,   0% used [0x22c00000, 0x22c00000, 0x23050000)
  from space 512K, 100% used [0x230d0000, 0x23150000, 0x23150000)
  to   space 512K,   0% used [0x23050000, 0x23050000, 0x230d0000)
 tenured generation   total 10944K, used 1529K [0x28150000, 0x28c00000, 0x32c00000)
   the space 10944K,  13% used [0x28150000, 0x282ce500, 0x282ce600, 0x28c00000)
 compacting perm gen  total 12288K, used 1333K [0x32c00000, 0x33800000, 0x36c00000)
   the space 12288K,  10% used [0x32c00000, 0x32d4d738, 0x32d4d800, 0x33800000)
    ro space 10240K,  42% used [0x36c00000, 0x37044240, 0x37044400, 0x37600000)
    rw space 12288K,  54% used [0x37600000, 0x37c84d58, 0x37c84e00, 0x38200000)
}

Deoptimization events (0 events):
No events

Internal exceptions (10 events):
Event: 0.832 Thread 0x03079c00 Threw 0x22da0880 at C:\jdk7u2_32P\jdk7u25\hotspot\src\share\vm\prims\jvm.cpp:1235
Event: 0.833 Thread 0x03079c00 Threw 0x22da4478 at C:\jdk7u2_32P\jdk7u25\hotspot\src\share\vm\prims\jvm.cpp:1235
Event: 0.834 Thread 0x03079c00 Threw 0x22da7f30 at C:\jdk7u2_32P\jdk7u25\hotspot\src\share\vm\prims\jvm.cpp:1235
Event: 0.854 Thread 0x03079c00 Threw 0x22e069d8 at C:\jdk7u2_32P\jdk7u25\hotspot\src\share\vm\prims\jvm.cpp:1235
Event: 0.855 Thread 0x03079c00 Threw 0x22e088a8 at C:\jdk7u2_32P\jdk7u25\hotspot\src\share\vm\prims\jvm.cpp:1235
Event: 0.857 Thread 0x03079c00 Threw 0x22e0da58 at C:\jdk7u2_32P\jdk7u25\hotspot\src\share\vm\prims\jvm.cpp:1235
Event: 0.859 Thread 0x03079c00 Threw 0x22e17058 at C:\jdk7u2_32P\jdk7u25\hotspot\src\share\vm\prims\jvm.cpp:1235
Event: 0.860 Thread 0x03079c00 Threw 0x22e19478 at C:\jdk7u2_32P\jdk7u25\hotspot\src\share\vm\prims\jvm.cpp:1235
Event: 0.862 Thread 0x03079c00 Threw 0x22e23a50 at C:\jdk7u2_32P\jdk7u25\hotspot\src\share\vm\prims\jvm.cpp:1235
Event: 0.862 Thread 0x03079c00 Threw 0x22e25ff0 at C:\jdk7u2_32P\jdk7u25\hotspot\src\share\vm\prims\jvm.cpp:1235

Events (10 events):
Event: 0.859 loading class 0x0310bde8
Event: 0.859 loading class 0x0310bde8 done
Event: 0.860 loading class 0x03069a38
Event: 0.860 loading class 0x03069a38 done
Event: 0.862 loading class 0x0312f908
Event: 0.862 loading class 0x0312f908 done
Event: 0.862 loading class 0x0312dc20
Event: 0.862 loading class 0x0312dc20 done
Event: 0.866 loading class 0x382ff038
Event: 0.866 loading class 0x382ff038 done


Dynamic libraries:
0x00400000 - 0x0042f000 	C:\Archivos de programa\Java\jre7\bin\javaw.exe
0x7c910000 - 0x7c9c8000 	C:\WINDOWS\system32\ntdll.dll
0x7c800000 - 0x7c903000 	C:\WINDOWS\system32\kernel32.dll
0x77da0000 - 0x77e4c000 	C:\WINDOWS\system32\ADVAPI32.dll
0x77e50000 - 0x77ee3000 	C:\WINDOWS\system32\RPCRT4.dll
0x77fc0000 - 0x77fd1000 	C:\WINDOWS\system32\Secur32.dll
0x7e390000 - 0x7e421000 	C:\WINDOWS\system32\USER32.dll
0x77ef0000 - 0x77f39000 	C:\WINDOWS\system32\GDI32.dll
0x773a0000 - 0x774a3000 	C:\WINDOWS\WinSxS\x86_Microsoft.Windows.Common-Controls_6595b64144ccf1df_6.0.2600.6028_x-ww_61e65202\COMCTL32.dll
0x77be0000 - 0x77c38000 	C:\WINDOWS\system32\msvcrt.dll
0x77f40000 - 0x77fb6000 	C:\WINDOWS\system32\SHLWAPI.dll
0x76340000 - 0x7635d000 	C:\WINDOWS\system32\IMM32.DLL
0x62e30000 - 0x62e39000 	C:\WINDOWS\system32\LPK.DLL
0x6f500000 - 0x6f57d000 	C:\WINDOWS\system32\USP10.dll
0x78aa0000 - 0x78b5e000 	C:\Archivos de programa\Java\jre7\bin\msvcr100.dll
0x6e7c0000 - 0x6eb02000 	C:\Archivos de programa\Java\jre7\bin\client\jvm.dll
0x71a50000 - 0x71a5a000 	C:\WINDOWS\system32\WSOCK32.dll
0x71a30000 - 0x71a47000 	C:\WINDOWS\system32\WS2_32.dll
0x71a20000 - 0x71a28000 	C:\WINDOWS\system32\WS2HELP.dll
0x76b00000 - 0x76b2e000 	C:\WINDOWS\system32\WINMM.dll
0x76bb0000 - 0x76bbb000 	C:\WINDOWS\system32\PSAPI.DLL
0x6e710000 - 0x6e71c000 	C:\Archivos de programa\Java\jre7\bin\verify.dll
0x6d4d0000 - 0x6d4f0000 	C:\Archivos de programa\Java\jre7\bin\java.dll
0x6e7a0000 - 0x6e7b3000 	C:\Archivos de programa\Java\jre7\bin\zip.dll
0x6d000000 - 0x6d144000 	C:\Archivos de programa\Java\jre7\bin\awt.dll
0x770f0000 - 0x7717b000 	C:\WINDOWS\system32\OLEAUT32.dll
0x774b0000 - 0x775ee000 	C:\WINDOWS\system32\ole32.dll
0x5b150000 - 0x5b188000 	C:\WINDOWS\system32\uxtheme.dll
0x746b0000 - 0x746fc000 	C:\WINDOWS\system32\MSCTF.dll
0x10000000 - 0x10005000 	C:\Archivos de programa\Unlocker\UnlockerHook.dll
0x7e6a0000 - 0x7eec1000 	C:\WINDOWS\system32\SHELL32.dll
0x75160000 - 0x7518e000 	C:\WINDOWS\system32\msctfime.ime
0x6d270000 - 0x6d2a1000 	C:\Archivos de programa\Java\jre7\bin\fontmanager.dll
0x03510000 - 0x0355d000 	D:\TRABAJOSANDROID\fffff\jogl.dll
0x5f120000 - 0x5f1ec000 	C:\WINDOWS\system32\OPENGL32.dll
0x5fea0000 - 0x5fec1000 	C:\WINDOWS\system32\GLU32.dll
0x736e0000 - 0x7372b000 	C:\WINDOWS\system32\DDRAW.dll
0x73b40000 - 0x73b46000 	C:\WINDOWS\system32\DCIMAN32.dll
0x03560000 - 0x0379d000 	C:\WINDOWS\system32\iglicd32.dll
0x03830000 - 0x0387a000 	C:\WINDOWS\system32\igldev32.dll
0x5d4b0000 - 0x5d551000 	C:\WINDOWS\system32\dbghelp.dll
0x77bd0000 - 0x77bd8000 	C:\WINDOWS\system32\VERSION.dll

VM Arguments:
jvm_args: -Dfile.encoding=Cp1252 
java_command: Sseis.triangulo.TestAnimacion
Launcher Type: SUN_STANDARD

Environment Variables:
PATH=C:/Archivos de programa/Java/jre7/bin/client;C:/Archivos de programa/Java/jre7/bin;C:/Archivos de programa/Java/jre7/lib/i386;C:\WINDOWS\system32;C:\WINDOWS;C:\WINDOWS\System32\Wbem;C:\Documents and Settings\Administrador\Escritorio\eclipse;
USERNAME=Administrador
OS=Windows_NT
PROCESSOR_IDENTIFIER=x86 Family 15 Model 6 Stepping 5, GenuineIntel



---------------  S Y S T E M  ---------------

OS: Windows XP Build 2600 Service Pack 3

CPU:total 2 (1 cores per cpu, 2 threads per core) family 15 model 6 stepping 5, cmov, cx8, fxsr, mmx, sse, sse2, sse3, ht, tsc

Memory: 4k page, physical 1561784k(753216k free), swap 3503904k(2845572k free)

vm_info: Java HotSpot(TM) Client VM (23.25-b01) for windows-x86 JRE (1.7.0_25-b17), built on Jun 21 2013 13:06:48 by "java_re" with unknown MS VC++:1600

time: Wed Sep 24 04:03:15 2014
elapsed time: 0 seconds

